2021-01-08 16:45:45,480 INFO    MainThread:28708 [wandb_setup.py:_flush():70] setting env: {}
2021-01-08 16:45:45,480 INFO    MainThread:28708 [wandb_setup.py:_flush():70] multiprocessing start_methods=fork,spawn,forkserver
2021-01-08 16:45:45,480 INFO    MainThread:28708 [wandb_setup.py:_flush():70] setting login settings: {}
2021-01-08 16:45:45,480 INFO    MainThread:28708 [wandb_init.py:_log_setup():303] Logging user logs to ./icrl/wandb/run-20210108_164545-alci5o6e/logs/debug.log
2021-01-08 16:45:45,480 INFO    MainThread:28708 [wandb_init.py:_log_setup():304] Logging internal logs to ./icrl/wandb/run-20210108_164545-alci5o6e/logs/debug-internal.log
2021-01-08 16:45:46,698 INFO    MainThread:28708 [wandb_run.py:_console_start():1237] atexit reg
2021-01-08 16:45:46,698 INFO    MainThread:28708 [wandb_run.py:_redirect():1104] redirect: SettingsConsole.REDIRECT
2021-01-08 16:45:46,698 INFO    MainThread:28708 [wandb_run.py:_redirect():1107] Redirecting console.
2021-01-08 16:45:46,698 INFO    MainThread:28708 [redirect.py:install():204] install start
2021-01-08 16:45:46,698 INFO    MainThread:28708 [redirect.py:install():219] install stop
2021-01-08 16:45:46,698 INFO    MainThread:28708 [redirect.py:install():204] install start
2021-01-08 16:45:46,699 INFO    MainThread:28708 [redirect.py:install():219] install stop
2021-01-08 16:45:46,699 INFO    MainThread:28708 [wandb_run.py:_redirect():1151] Redirects installed.
2021-01-08 16:45:46,699 INFO    MainThread:28708 [wandb_config.py:__setitem__():135] config set save_dir = ./icrl/wandb/run-20210108_164545-alci5o6e/files - <bound method Run._config_callback of <wandb.sdk.wandb_run.Run object at 0x7f2938b2f280>>
2021-01-08 16:45:46,699 INFO    MainThread:28708 [wandb_run.py:_config_callback():549] config_cb save_dir ./icrl/wandb/run-20210108_164545-alci5o6e/files {'file_to_run': 'cpg', 'config_file': None, 'project': 'PPO-Debug', 'name': 'AntWall-v0_AntWallTest-v0_bs_128_cr_0.4_cgl_0.9_lr_3e-05_ne_20_rgl_0.9_s_37_sid_5', 'group': 'AntWall', 'device': 'cpu', 'verbose': 2, 'wandb_sweep': False, 'sync_wandb': False, 'cost_info_str': 'cost', 'train_env_id': 'AntWall-v0', 'eval_env_id': 'AntWallTest-v0', 'dont_normalize': False, 'seed': 37, 'policy_name': 'TwoCriticsMlpPolicy', 'shared_layers': None, 'policy_layers': [64, 64], 'reward_vf_layers': [64, 64], 'cost_vf_layers': [64, 64], 'cnn_features_dim': 512, 'timesteps': 5000000, 'n_steps': 2048, 'batch_size': 128, 'n_epochs': 20, 'num_threads': 5, 'save_every': 100000.0, 'eval_every': 2048, 'plot_every': 2048, 'reward_gamma': 0.99, 'reward_gae_lambda': 0.9, 'cost_gamma': 0.99, 'cost_gae_lambda': 0.9, 'budget': 0.0, 'clip_range': 0.4, 'clip_range_reward_vf': None, 'clip_range_cost_vf': None, 'ent_coef': 0.0, 'reward_vf_coef': 0.5, 'cost_vf_coef': 0.5, 'target_kl': None, 'max_grad_norm': 0.5, 'learning_rate': 3e-05, 'use_pid': False, 'penalty_initial_value': 1, 'penalty_learning_rate': 0.1, 'update_penalty_after': 1, 'use_sde': False, 'use_curiosity_driven_exploration': False, 'use_lambda_shaping': False, 'sde_sample_freq': -1, 'use_null_cost': False, 'cn_path': None, 'cn_obs_select_dim': None, 'cn_acs_select_dim': None, 'cn_device': None, '_wandb': {'cli_version': '0.10.12', 'python_version': '3.8.5', 'is_jupyter_run': False, 'is_kaggle_kernel': False, 'framework': 'torch'}, 'save_dir': './icrl/wandb/run-20210108_164545-alci5o6e/files'}
2021-01-08 18:32:22,096 INFO    MainThread:28708 [wandb_run.py:_atexit_cleanup():1207] got exitcode: 0
2021-01-08 18:32:22,097 INFO    MainThread:28708 [wandb_run.py:_restore():1179] restore
2021-01-08 18:32:22,097 INFO    MainThread:28708 [redirect.py:uninstall():223] uninstall start
2021-01-08 18:32:22,098 INFO    MainThread:28708 [redirect.py:_stop():278] _stop: stdout
2021-01-08 18:32:22,098 INFO    MainThread:28708 [redirect.py:_stop():284] _stop closed: stdout
2021-01-08 18:32:22,098 INFO    stdout    :28708 [redirect.py:_pipe_relay():120] relay done saw last write: stdout
2021-01-08 18:32:22,098 INFO    stdout    :28708 [redirect.py:_pipe_relay():136] relay done done: stdout
2021-01-08 18:32:22,098 INFO    MainThread:28708 [redirect.py:_stop():290] _stop joined: stdout
2021-01-08 18:32:22,098 INFO    MainThread:28708 [redirect.py:_stop():292] _stop rd closed: stdout
2021-01-08 18:32:22,099 INFO    MainThread:28708 [redirect.py:uninstall():227] uninstall done
2021-01-08 18:32:22,099 INFO    MainThread:28708 [redirect.py:uninstall():223] uninstall start
2021-01-08 18:32:22,099 INFO    MainThread:28708 [redirect.py:_stop():278] _stop: stderr
2021-01-08 18:32:22,099 INFO    MainThread:28708 [redirect.py:_stop():284] _stop closed: stderr
2021-01-08 18:32:22,099 INFO    stderr    :28708 [redirect.py:_pipe_relay():120] relay done saw last write: stderr
2021-01-08 18:32:22,099 INFO    stderr    :28708 [redirect.py:_pipe_relay():136] relay done done: stderr
2021-01-08 18:32:22,099 INFO    MainThread:28708 [redirect.py:_stop():290] _stop joined: stderr
2021-01-08 18:32:22,099 INFO    MainThread:28708 [redirect.py:_stop():292] _stop rd closed: stderr
2021-01-08 18:32:22,099 INFO    MainThread:28708 [redirect.py:uninstall():227] uninstall done
2021-01-08 18:32:22,102 INFO    MainThread:28708 [wandb_run.py:_wait_for_finish():1324] got exit ret: uuid: "daf4e80369db4aaeaf7c2ea13806346d"
response {
  poll_exit_response {
    file_counts {
      wandb_count: 1
    }
    pusher_stats {
      uploaded_bytes: 893
      total_bytes: 893
    }
  }
}

2021-01-08 18:32:24,270 INFO    MainThread:28708 [wandb_run.py:_wait_for_finish():1324] got exit ret: uuid: "139210cd020a441d89c04119864f8837"
response {
  poll_exit_response {
    file_counts {
      wandb_count: 5
      other_count: 505
    }
    pusher_stats {
      uploaded_bytes: 2304056
      total_bytes: 67879999
    }
  }
}

2021-01-08 18:32:26,276 INFO    MainThread:28708 [wandb_run.py:_wait_for_finish():1324] got exit ret: uuid: "eafd6a6b5f0c46d39b383df8af3f77f8"
response {
  poll_exit_response {
    file_counts {
      wandb_count: 5
      other_count: 505
    }
    pusher_stats {
      uploaded_bytes: 4468376
      total_bytes: 67879999
    }
  }
}

2021-01-08 18:32:28,283 INFO    MainThread:28708 [wandb_run.py:_wait_for_finish():1324] got exit ret: uuid: "8d9ea76926a94a4da8b26b92467f6457"
response {
  poll_exit_response {
    file_counts {
      wandb_count: 5
      other_count: 505
    }
    pusher_stats {
      uploaded_bytes: 5315277
      total_bytes: 67879999
    }
  }
}

2021-01-08 18:32:30,288 INFO    MainThread:28708 [wandb_run.py:_wait_for_finish():1324] got exit ret: uuid: "347310c3adbf46a3b8e91db46a83bfc9"
response {
  poll_exit_response {
    file_counts {
      wandb_count: 5
      other_count: 505
    }
    pusher_stats {
      uploaded_bytes: 5930359
      total_bytes: 67879999
    }
  }
}

2021-01-08 18:32:32,295 INFO    MainThread:28708 [wandb_run.py:_wait_for_finish():1324] got exit ret: uuid: "2bc161b4317949a7906fa1e065fe868b"
response {
  poll_exit_response {
    file_counts {
      wandb_count: 5
      other_count: 505
    }
    pusher_stats {
      uploaded_bytes: 6568275
      total_bytes: 67879999
    }
  }
}

2021-01-08 18:32:34,298 INFO    MainThread:28708 [wandb_run.py:_wait_for_finish():1324] got exit ret: uuid: "8831e7d604f644738deb428ff9ee81d6"
response {
  poll_exit_response {
    file_counts {
      wandb_count: 5
      other_count: 505
    }
    pusher_stats {
      uploaded_bytes: 7066409
      total_bytes: 67879999
    }
  }
}

2021-01-08 18:32:36,305 INFO    MainThread:28708 [wandb_run.py:_wait_for_finish():1324] got exit ret: uuid: "a5a1778ad9294f4385f1b0becf9a045e"
response {
  poll_exit_response {
    file_counts {
      wandb_count: 5
      other_count: 505
    }
    pusher_stats {
      uploaded_bytes: 7810157
      total_bytes: 67879999
    }
  }
}

2021-01-08 18:32:38,311 INFO    MainThread:28708 [wandb_run.py:_wait_for_finish():1324] got exit ret: uuid: "7ddacd30284f4e5d88b19860df834fcc"
response {
  poll_exit_response {
    file_counts {
      wandb_count: 5
      other_count: 505
    }
    pusher_stats {
      uploaded_bytes: 8248010
      total_bytes: 67879999
    }
  }
}

2021-01-08 18:32:40,315 INFO    MainThread:28708 [wandb_run.py:_wait_for_finish():1324] got exit ret: uuid: "e44f74b021c74a1b808ea9850ee10edb"
response {
  poll_exit_response {
    file_counts {
      wandb_count: 5
      other_count: 505
    }
    pusher_stats {
      uploaded_bytes: 8774641
      total_bytes: 67879999
    }
  }
}

2021-01-08 18:32:42,320 INFO    MainThread:28708 [wandb_run.py:_wait_for_finish():1324] got exit ret: uuid: "defc139b9f544068ba7305a30557a54e"
response {
  poll_exit_response {
    file_counts {
      wandb_count: 5
      other_count: 505
    }
    pusher_stats {
      uploaded_bytes: 9507064
      total_bytes: 67879999
    }
  }
}

2021-01-08 18:32:44,325 INFO    MainThread:28708 [wandb_run.py:_wait_for_finish():1324] got exit ret: uuid: "612f82594b7249ec9072f89e40520f68"
response {
  poll_exit_response {
    file_counts {
      wandb_count: 5
      other_count: 505
    }
    pusher_stats {
      uploaded_bytes: 9986513
      total_bytes: 67879999
    }
  }
}

2021-01-08 18:32:46,331 INFO    MainThread:28708 [wandb_run.py:_wait_for_finish():1324] got exit ret: uuid: "6ae9b588e600471c92f725be46329347"
response {
  poll_exit_response {
    file_counts {
      wandb_count: 5
      other_count: 505
    }
    pusher_stats {
      uploaded_bytes: 10678697
      total_bytes: 67879999
    }
  }
}

2021-01-08 18:32:48,336 INFO    MainThread:28708 [wandb_run.py:_wait_for_finish():1324] got exit ret: uuid: "23d95d9cc436431ba240b6a0559f7d9d"
response {
  poll_exit_response {
    file_counts {
      wandb_count: 5
      other_count: 505
    }
    pusher_stats {
      uploaded_bytes: 11160839
      total_bytes: 67879999
    }
  }
}

2021-01-08 18:32:50,343 INFO    MainThread:28708 [wandb_run.py:_wait_for_finish():1324] got exit ret: uuid: "584e130eab6342dd984c072998091c0d"
response {
  poll_exit_response {
    file_counts {
      wandb_count: 5
      other_count: 505
    }
    pusher_stats {
      uploaded_bytes: 11580215
      total_bytes: 67879999
    }
  }
}

2021-01-08 18:32:52,349 INFO    MainThread:28708 [wandb_run.py:_wait_for_finish():1324] got exit ret: uuid: "50abdc2e2e4b44fca7132150d4e6f728"
response {
  poll_exit_response {
    file_counts {
      wandb_count: 5
      other_count: 505
    }
    pusher_stats {
      uploaded_bytes: 12214391
      total_bytes: 67879999
    }
  }
}

2021-01-08 18:32:54,356 INFO    MainThread:28708 [wandb_run.py:_wait_for_finish():1324] got exit ret: uuid: "de6510392d4f472798c644522bd1328b"
response {
  poll_exit_response {
    file_counts {
      wandb_count: 5
      other_count: 505
    }
    pusher_stats {
      uploaded_bytes: 12567299
      total_bytes: 67879999
    }
  }
}

2021-01-08 18:32:56,361 INFO    MainThread:28708 [wandb_run.py:_wait_for_finish():1324] got exit ret: uuid: "0b64e1d7658146f59ac3fe15a8eb10d3"
response {
  poll_exit_response {
    file_counts {
      wandb_count: 5
      other_count: 505
    }
    pusher_stats {
      uploaded_bytes: 12919609
      total_bytes: 67879999
    }
  }
}

2021-01-08 18:32:58,368 INFO    MainThread:28708 [wandb_run.py:_wait_for_finish():1324] got exit ret: uuid: "78800f9c26124dd5bb738108db1117d3"
response {
  poll_exit_response {
    file_counts {
      wandb_count: 5
      other_count: 505
    }
    pusher_stats {
      uploaded_bytes: 13255351
      total_bytes: 67879999
    }
  }
}

2021-01-08 18:33:00,375 INFO    MainThread:28708 [wandb_run.py:_wait_for_finish():1324] got exit ret: uuid: "946ae64b470d497196283d2901004097"
response {
  poll_exit_response {
    file_counts {
      wandb_count: 5
      other_count: 505
    }
    pusher_stats {
      uploaded_bytes: 14087150
      total_bytes: 67879999
    }
  }
}

2021-01-08 18:33:02,379 INFO    MainThread:28708 [wandb_run.py:_wait_for_finish():1324] got exit ret: uuid: "832516440bee4ac681fef8b9b9f860b2"
response {
  poll_exit_response {
    file_counts {
      wandb_count: 5
      other_count: 505
    }
    pusher_stats {
      uploaded_bytes: 14883400
      total_bytes: 67879999
    }
  }
}

2021-01-08 18:33:04,384 INFO    MainThread:28708 [wandb_run.py:_wait_for_finish():1324] got exit ret: uuid: "8c529227e5cb4d03be85e528c5055b4f"
response {
  poll_exit_response {
    file_counts {
      wandb_count: 5
      other_count: 505
    }
    pusher_stats {
      uploaded_bytes: 15243940
      total_bytes: 67879999
    }
  }
}

2021-01-08 18:33:06,391 INFO    MainThread:28708 [wandb_run.py:_wait_for_finish():1324] got exit ret: uuid: "a9812acc41b94a6cbd84e9d48bdf853e"
response {
  poll_exit_response {
    file_counts {
      wandb_count: 5
      other_count: 505
    }
    pusher_stats {
      uploaded_bytes: 16091231
      total_bytes: 67879999
    }
  }
}

2021-01-08 18:33:08,398 INFO    MainThread:28708 [wandb_run.py:_wait_for_finish():1324] got exit ret: uuid: "dfef4f0e720d4569b10e1da95a89ec91"
response {
  poll_exit_response {
    file_counts {
      wandb_count: 5
      other_count: 505
    }
    pusher_stats {
      uploaded_bytes: 16739831
      total_bytes: 67879999
    }
  }
}

2021-01-08 18:33:10,405 INFO    MainThread:28708 [wandb_run.py:_wait_for_finish():1324] got exit ret: uuid: "afa92bd2ddab429fb693f8afe704c52c"
response {
  poll_exit_response {
    file_counts {
      wandb_count: 5
      other_count: 505
    }
    pusher_stats {
      uploaded_bytes: 17054037
      total_bytes: 67879999
    }
  }
}

2021-01-08 18:33:12,409 INFO    MainThread:28708 [wandb_run.py:_wait_for_finish():1324] got exit ret: uuid: "8f551bd7bdb84b308ba558121d686478"
response {
  poll_exit_response {
    file_counts {
      wandb_count: 5
      other_count: 505
    }
    pusher_stats {
      uploaded_bytes: 18395606
      total_bytes: 67879999
    }
  }
}

2021-01-08 18:33:14,414 INFO    MainThread:28708 [wandb_run.py:_wait_for_finish():1324] got exit ret: uuid: "057845d9c76242168ff42f5898fc6252"
response {
  poll_exit_response {
    file_counts {
      wandb_count: 5
      other_count: 505
    }
    pusher_stats {
      uploaded_bytes: 18778382
      total_bytes: 67879999
    }
  }
}

2021-01-08 18:33:16,420 INFO    MainThread:28708 [wandb_run.py:_wait_for_finish():1324] got exit ret: uuid: "b44d621e0b7c482c8f7ce05452e19245"
response {
  poll_exit_response {
    file_counts {
      wandb_count: 5
      other_count: 505
    }
    pusher_stats {
      uploaded_bytes: 19722745
      total_bytes: 67879999
    }
  }
}

2021-01-08 18:33:18,426 INFO    MainThread:28708 [wandb_run.py:_wait_for_finish():1324] got exit ret: uuid: "1f7f57a90d2d49f2beefa1ebdbe24d41"
response {
  poll_exit_response {
    file_counts {
      wandb_count: 5
      other_count: 505
    }
    pusher_stats {
      uploaded_bytes: 20301911
      total_bytes: 67879999
    }
  }
}

2021-01-08 18:33:20,430 INFO    MainThread:28708 [wandb_run.py:_wait_for_finish():1324] got exit ret: uuid: "1470e3c5a2f548d0b6baa2ac53df5c13"
response {
  poll_exit_response {
    file_counts {
      wandb_count: 5
      other_count: 505
    }
    pusher_stats {
      uploaded_bytes: 20917842
      total_bytes: 67879999
    }
  }
}

2021-01-08 18:33:22,433 INFO    MainThread:28708 [wandb_run.py:_wait_for_finish():1324] got exit ret: uuid: "d1eb4044b55b408eb5db98860d7d17c5"
response {
  poll_exit_response {
    file_counts {
      wandb_count: 5
      other_count: 505
    }
    pusher_stats {
      uploaded_bytes: 21182872
      total_bytes: 67879999
    }
  }
}

2021-01-08 18:33:24,437 INFO    MainThread:28708 [wandb_run.py:_wait_for_finish():1324] got exit ret: uuid: "714f49ce6dd74564b4ae326c894772d3"
response {
  poll_exit_response {
    file_counts {
      wandb_count: 5
      other_count: 505
    }
    pusher_stats {
      uploaded_bytes: 22482876
      total_bytes: 67879999
    }
  }
}

2021-01-08 18:33:26,440 INFO    MainThread:28708 [wandb_run.py:_wait_for_finish():1324] got exit ret: uuid: "516098fad56c409cb1358d8745a9474c"
response {
  poll_exit_response {
    file_counts {
      wandb_count: 5
      other_count: 505
    }
    pusher_stats {
      uploaded_bytes: 23385677
      total_bytes: 67879999
    }
  }
}

2021-01-08 18:33:28,442 INFO    MainThread:28708 [wandb_run.py:_wait_for_finish():1324] got exit ret: uuid: "9bc95f5dc94447df89be8fed84a6b835"
response {
  poll_exit_response {
    file_counts {
      wandb_count: 5
      other_count: 505
    }
    pusher_stats {
      uploaded_bytes: 23659414
      total_bytes: 67879999
    }
  }
}

2021-01-08 18:33:30,446 INFO    MainThread:28708 [wandb_run.py:_wait_for_finish():1324] got exit ret: uuid: "7a900094084840e69c12115d6323e18b"
response {
  poll_exit_response {
    file_counts {
      wandb_count: 5
      other_count: 505
    }
    pusher_stats {
      uploaded_bytes: 23766050
      total_bytes: 67879999
    }
  }
}

2021-01-08 18:33:32,449 INFO    MainThread:28708 [wandb_run.py:_wait_for_finish():1324] got exit ret: uuid: "8b9961c9d0744e848f8ef3e19ac767f4"
response {
  poll_exit_response {
    file_counts {
      wandb_count: 5
      other_count: 505
    }
    pusher_stats {
      uploaded_bytes: 24239158
      total_bytes: 67879999
    }
  }
}

2021-01-08 18:33:34,453 INFO    MainThread:28708 [wandb_run.py:_wait_for_finish():1324] got exit ret: uuid: "0867388355c84b23ac3a4ec74e41e3f3"
response {
  poll_exit_response {
    file_counts {
      wandb_count: 5
      other_count: 505
    }
    pusher_stats {
      uploaded_bytes: 27943414
      total_bytes: 67879999
    }
  }
}

2021-01-08 18:33:36,456 INFO    MainThread:28708 [wandb_run.py:_wait_for_finish():1324] got exit ret: uuid: "9fc56380c65d4b2e9281cd56c1ef6d5e"
response {
  poll_exit_response {
    file_counts {
      wandb_count: 5
      other_count: 505
    }
    pusher_stats {
      uploaded_bytes: 28692248
      total_bytes: 67879999
    }
  }
}

2021-01-08 18:33:38,458 INFO    MainThread:28708 [wandb_run.py:_wait_for_finish():1324] got exit ret: uuid: "a2790a818d894a31a2f65d6be256bf2b"
response {
  poll_exit_response {
    file_counts {
      wandb_count: 5
      other_count: 505
    }
    pusher_stats {
      uploaded_bytes: 29128336
      total_bytes: 67879999
    }
  }
}

2021-01-08 18:33:40,462 INFO    MainThread:28708 [wandb_run.py:_wait_for_finish():1324] got exit ret: uuid: "7d1c0773fed246ad95c75fa73ced6a67"
response {
  poll_exit_response {
    file_counts {
      wandb_count: 5
      other_count: 505
    }
    pusher_stats {
      uploaded_bytes: 29584457
      total_bytes: 67879999
    }
  }
}

2021-01-08 18:33:42,465 INFO    MainThread:28708 [wandb_run.py:_wait_for_finish():1324] got exit ret: uuid: "8f698ce12a7a4858b5b65866258faa72"
response {
  poll_exit_response {
    file_counts {
      wandb_count: 5
      other_count: 505
    }
    pusher_stats {
      uploaded_bytes: 29820088
      total_bytes: 67879999
    }
  }
}

2021-01-08 18:33:44,468 INFO    MainThread:28708 [wandb_run.py:_wait_for_finish():1324] got exit ret: uuid: "2deea52247784bbaa42cd7f507448a6c"
response {
  poll_exit_response {
    file_counts {
      wandb_count: 5
      other_count: 505
    }
    pusher_stats {
      uploaded_bytes: 29924289
      total_bytes: 67879999
    }
  }
}

2021-01-08 18:33:46,472 INFO    MainThread:28708 [wandb_run.py:_wait_for_finish():1324] got exit ret: uuid: "edf86d2e3cc84880942644c1bf96803d"
response {
  poll_exit_response {
    file_counts {
      wandb_count: 5
      other_count: 505
    }
    pusher_stats {
      uploaded_bytes: 30180632
      total_bytes: 67879999
    }
  }
}

2021-01-08 18:33:48,478 INFO    MainThread:28708 [wandb_run.py:_wait_for_finish():1324] got exit ret: uuid: "34d945c0a9cf47bc8b58216d2f0d5c9b"
response {
  poll_exit_response {
    file_counts {
      wandb_count: 5
      other_count: 505
    }
    pusher_stats {
      uploaded_bytes: 30587921
      total_bytes: 67879999
    }
  }
}

2021-01-08 18:33:50,482 INFO    MainThread:28708 [wandb_run.py:_wait_for_finish():1324] got exit ret: uuid: "ff5ffc4167434e3c94059c3f7e707b9b"
response {
  poll_exit_response {
    file_counts {
      wandb_count: 5
      other_count: 505
    }
    pusher_stats {
      uploaded_bytes: 31620774
      total_bytes: 67879999
    }
  }
}

2021-01-08 18:33:52,489 INFO    MainThread:28708 [wandb_run.py:_wait_for_finish():1324] got exit ret: uuid: "a257fa1d10e748c387110feb4f09d267"
response {
  poll_exit_response {
    file_counts {
      wandb_count: 5
      other_count: 505
    }
    pusher_stats {
      uploaded_bytes: 31908159
      total_bytes: 67879999
    }
  }
}

2021-01-08 18:33:54,494 INFO    MainThread:28708 [wandb_run.py:_wait_for_finish():1324] got exit ret: uuid: "d84efa019458405ab3161683ed2afefb"
response {
  poll_exit_response {
    file_counts {
      wandb_count: 5
      other_count: 505
    }
    pusher_stats {
      uploaded_bytes: 32059758
      total_bytes: 67879999
    }
  }
}

2021-01-08 18:33:56,500 INFO    MainThread:28708 [wandb_run.py:_wait_for_finish():1324] got exit ret: uuid: "2291abfb801448e1a9de05359ff4463f"
response {
  poll_exit_response {
    file_counts {
      wandb_count: 5
      other_count: 505
    }
    pusher_stats {
      uploaded_bytes: 34727419
      total_bytes: 67879999
    }
  }
}

2021-01-08 18:33:58,507 INFO    MainThread:28708 [wandb_run.py:_wait_for_finish():1324] got exit ret: uuid: "47ed66179fbb4306974fdc9dcaf73977"
response {
  poll_exit_response {
    file_counts {
      wandb_count: 5
      other_count: 505
    }
    pusher_stats {
      uploaded_bytes: 35133001
      total_bytes: 67879999
    }
  }
}

2021-01-08 18:34:00,510 INFO    MainThread:28708 [wandb_run.py:_wait_for_finish():1324] got exit ret: uuid: "9d6f9bbba560415eafac7daa885456c6"
response {
  poll_exit_response {
    file_counts {
      wandb_count: 5
      other_count: 505
    }
    pusher_stats {
      uploaded_bytes: 35348835
      total_bytes: 67879999
    }
  }
}

2021-01-08 18:34:02,517 INFO    MainThread:28708 [wandb_run.py:_wait_for_finish():1324] got exit ret: uuid: "cb440d2a78e74b85bb204ac06adc9dc2"
response {
  poll_exit_response {
    file_counts {
      wandb_count: 5
      other_count: 505
    }
    pusher_stats {
      uploaded_bytes: 35589344
      total_bytes: 67879999
    }
  }
}

2021-01-08 18:34:04,523 INFO    MainThread:28708 [wandb_run.py:_wait_for_finish():1324] got exit ret: uuid: "58c3f2d0d068499f8546d340ab26a407"
response {
  poll_exit_response {
    file_counts {
      wandb_count: 5
      other_count: 505
    }
    pusher_stats {
      uploaded_bytes: 36130033
      total_bytes: 67879999
    }
  }
}

2021-01-08 18:34:06,530 INFO    MainThread:28708 [wandb_run.py:_wait_for_finish():1324] got exit ret: uuid: "a473fc34d57f45dda4a0443a1fb28215"
response {
  poll_exit_response {
    file_counts {
      wandb_count: 5
      other_count: 505
    }
    pusher_stats {
      uploaded_bytes: 36894322
      total_bytes: 67879999
    }
  }
}

2021-01-08 18:34:08,537 INFO    MainThread:28708 [wandb_run.py:_wait_for_finish():1324] got exit ret: uuid: "a90fd55c605243368e4af10c13eaedc0"
response {
  poll_exit_response {
    file_counts {
      wandb_count: 5
      other_count: 505
    }
    pusher_stats {
      uploaded_bytes: 37437747
      total_bytes: 67879999
    }
  }
}

2021-01-08 18:34:10,541 INFO    MainThread:28708 [wandb_run.py:_wait_for_finish():1324] got exit ret: uuid: "32432b93bdce4c8fa4175c7b69eb71c9"
response {
  poll_exit_response {
    file_counts {
      wandb_count: 5
      other_count: 505
    }
    pusher_stats {
      uploaded_bytes: 38141826
      total_bytes: 67879999
    }
  }
}

2021-01-08 18:34:12,547 INFO    MainThread:28708 [wandb_run.py:_wait_for_finish():1324] got exit ret: uuid: "917d2ee4d17a4f3cbd7f05d8a8974332"
response {
  poll_exit_response {
    file_counts {
      wandb_count: 5
      other_count: 505
    }
    pusher_stats {
      uploaded_bytes: 39302755
      total_bytes: 67879999
    }
  }
}

2021-01-08 18:34:14,553 INFO    MainThread:28708 [wandb_run.py:_wait_for_finish():1324] got exit ret: uuid: "9c3360315b4b4dc3bcf9291c02af1826"
response {
  poll_exit_response {
    file_counts {
      wandb_count: 5
      other_count: 505
    }
    pusher_stats {
      uploaded_bytes: 40037681
      total_bytes: 67879999
    }
  }
}

2021-01-08 18:34:16,559 INFO    MainThread:28708 [wandb_run.py:_wait_for_finish():1324] got exit ret: uuid: "bf90b1609ff04212863cfffb24c28c46"
response {
  poll_exit_response {
    file_counts {
      wandb_count: 5
      other_count: 505
    }
    pusher_stats {
      uploaded_bytes: 40641628
      total_bytes: 67879999
    }
  }
}

2021-01-08 18:34:18,566 INFO    MainThread:28708 [wandb_run.py:_wait_for_finish():1324] got exit ret: uuid: "a64f26d700e64413ab78303930ca044f"
response {
  poll_exit_response {
    file_counts {
      wandb_count: 5
      other_count: 505
    }
    pusher_stats {
      uploaded_bytes: 41328823
      total_bytes: 67879999
    }
  }
}

2021-01-08 18:34:20,570 INFO    MainThread:28708 [wandb_run.py:_wait_for_finish():1324] got exit ret: uuid: "a1f653498d05464cb60b612206a93649"
response {
  poll_exit_response {
    file_counts {
      wandb_count: 5
      other_count: 505
    }
    pusher_stats {
      uploaded_bytes: 41826271
      total_bytes: 67879999
    }
  }
}

2021-01-08 18:34:22,575 INFO    MainThread:28708 [wandb_run.py:_wait_for_finish():1324] got exit ret: uuid: "9666036150ba4ae7ba0f6b2a14f5e8ff"
response {
  poll_exit_response {
    file_counts {
      wandb_count: 5
      other_count: 505
    }
    pusher_stats {
      uploaded_bytes: 42174864
      total_bytes: 67879999
    }
  }
}

2021-01-08 18:34:24,582 INFO    MainThread:28708 [wandb_run.py:_wait_for_finish():1324] got exit ret: uuid: "242aba4e408049f38901f91987da3920"
response {
  poll_exit_response {
    file_counts {
      wandb_count: 5
      other_count: 505
    }
    pusher_stats {
      uploaded_bytes: 43798777
      total_bytes: 67879999
    }
  }
}

2021-01-08 18:34:26,589 INFO    MainThread:28708 [wandb_run.py:_wait_for_finish():1324] got exit ret: uuid: "11563bcb47024d798e9747b2b62744ea"
response {
  poll_exit_response {
    file_counts {
      wandb_count: 5
      other_count: 505
    }
    pusher_stats {
      uploaded_bytes: 44348738
      total_bytes: 67879999
    }
  }
}

2021-01-08 18:34:28,596 INFO    MainThread:28708 [wandb_run.py:_wait_for_finish():1324] got exit ret: uuid: "114b220fedfa47c0baed643577f9745c"
response {
  poll_exit_response {
    file_counts {
      wandb_count: 5
      other_count: 505
    }
    pusher_stats {
      uploaded_bytes: 44642745
      total_bytes: 67879999
    }
  }
}

2021-01-08 18:34:30,603 INFO    MainThread:28708 [wandb_run.py:_wait_for_finish():1324] got exit ret: uuid: "1fe8a96734af4ca7ba567e2270aec2a5"
response {
  poll_exit_response {
    file_counts {
      wandb_count: 5
      other_count: 505
    }
    pusher_stats {
      uploaded_bytes: 44964045
      total_bytes: 67879999
    }
  }
}

2021-01-08 18:34:32,608 INFO    MainThread:28708 [wandb_run.py:_wait_for_finish():1324] got exit ret: uuid: "c74f8b61135047689944e3410155b339"
response {
  poll_exit_response {
    file_counts {
      wandb_count: 5
      other_count: 505
    }
    pusher_stats {
      uploaded_bytes: 45540154
      total_bytes: 67879999
    }
  }
}

2021-01-08 18:34:34,613 INFO    MainThread:28708 [wandb_run.py:_wait_for_finish():1324] got exit ret: uuid: "39ce68f9c94d4c0a9f059001adb2713f"
response {
  poll_exit_response {
    file_counts {
      wandb_count: 5
      other_count: 505
    }
    pusher_stats {
      uploaded_bytes: 47388167
      total_bytes: 67879999
    }
  }
}

2021-01-08 18:34:36,619 INFO    MainThread:28708 [wandb_run.py:_wait_for_finish():1324] got exit ret: uuid: "fdfdbde435c44b7cba04c879ac7c032f"
response {
  poll_exit_response {
    file_counts {
      wandb_count: 5
      other_count: 505
    }
    pusher_stats {
      uploaded_bytes: 48151709
      total_bytes: 67879999
    }
  }
}

2021-01-08 18:34:38,625 INFO    MainThread:28708 [wandb_run.py:_wait_for_finish():1324] got exit ret: uuid: "26144570827243afbb946748cdc18aad"
response {
  poll_exit_response {
    file_counts {
      wandb_count: 5
      other_count: 505
    }
    pusher_stats {
      uploaded_bytes: 48456525
      total_bytes: 67879999
    }
  }
}

2021-01-08 18:34:40,632 INFO    MainThread:28708 [wandb_run.py:_wait_for_finish():1324] got exit ret: uuid: "0ee57315bf084105af12a65194a899a7"
response {
  poll_exit_response {
    file_counts {
      wandb_count: 5
      other_count: 505
    }
    pusher_stats {
      uploaded_bytes: 48615984
      total_bytes: 67879999
    }
  }
}

2021-01-08 18:34:42,637 INFO    MainThread:28708 [wandb_run.py:_wait_for_finish():1324] got exit ret: uuid: "d304bfffe67241ab8f52b1ab74d22d48"
response {
  poll_exit_response {
    file_counts {
      wandb_count: 5
      other_count: 505
    }
    pusher_stats {
      uploaded_bytes: 48701313
      total_bytes: 67879999
    }
  }
}

2021-01-08 18:34:44,644 INFO    MainThread:28708 [wandb_run.py:_wait_for_finish():1324] got exit ret: uuid: "1fd8215b91c24383979572566a786d71"
response {
  poll_exit_response {
    file_counts {
      wandb_count: 5
      other_count: 505
    }
    pusher_stats {
      uploaded_bytes: 51899411
      total_bytes: 67879999
    }
  }
}

2021-01-08 18:34:46,651 INFO    MainThread:28708 [wandb_run.py:_wait_for_finish():1324] got exit ret: uuid: "b504142deb0f4fad8bf796a6c85de6c9"
response {
  poll_exit_response {
    file_counts {
      wandb_count: 5
      other_count: 505
    }
    pusher_stats {
      uploaded_bytes: 52727511
      total_bytes: 67879999
    }
  }
}

2021-01-08 18:34:48,654 INFO    MainThread:28708 [wandb_run.py:_wait_for_finish():1324] got exit ret: uuid: "0983fe33d7294468993754af7b754e73"
response {
  poll_exit_response {
    file_counts {
      wandb_count: 5
      other_count: 505
    }
    pusher_stats {
      uploaded_bytes: 53430272
      total_bytes: 67879999
    }
  }
}

2021-01-08 18:34:50,660 INFO    MainThread:28708 [wandb_run.py:_wait_for_finish():1324] got exit ret: uuid: "a708ebb16cc04a2cbb081f560b7051d7"
response {
  poll_exit_response {
    file_counts {
      wandb_count: 5
      other_count: 505
    }
    pusher_stats {
      uploaded_bytes: 53707013
      total_bytes: 67879999
    }
  }
}

2021-01-08 18:34:52,667 INFO    MainThread:28708 [wandb_run.py:_wait_for_finish():1324] got exit ret: uuid: "11165df5d61a46b0a15e633bae356a4e"
response {
  poll_exit_response {
    file_counts {
      wandb_count: 5
      other_count: 505
    }
    pusher_stats {
      uploaded_bytes: 53990509
      total_bytes: 67879999
    }
  }
}

2021-01-08 18:34:54,674 INFO    MainThread:28708 [wandb_run.py:_wait_for_finish():1324] got exit ret: uuid: "28014cf6fdca4ae4b83e27ba3760fd89"
response {
  poll_exit_response {
    file_counts {
      wandb_count: 5
      other_count: 505
    }
    pusher_stats {
      uploaded_bytes: 54709389
      total_bytes: 67879999
    }
  }
}

2021-01-08 18:34:56,680 INFO    MainThread:28708 [wandb_run.py:_wait_for_finish():1324] got exit ret: uuid: "3e6eefc7b8d2447eb04d4a20b9f78905"
response {
  poll_exit_response {
    file_counts {
      wandb_count: 5
      other_count: 505
    }
    pusher_stats {
      uploaded_bytes: 55149121
      total_bytes: 67879999
    }
  }
}

2021-01-08 18:34:58,687 INFO    MainThread:28708 [wandb_run.py:_wait_for_finish():1324] got exit ret: uuid: "9b5cfd3571ed4f6fa62e134db55a57e5"
response {
  poll_exit_response {
    file_counts {
      wandb_count: 5
      other_count: 505
    }
    pusher_stats {
      uploaded_bytes: 55286038
      total_bytes: 67879999
    }
  }
}

2021-01-08 18:35:00,694 INFO    MainThread:28708 [wandb_run.py:_wait_for_finish():1324] got exit ret: uuid: "d7f72149deb849b08b712d422a02e3e4"
response {
  poll_exit_response {
    file_counts {
      wandb_count: 5
      other_count: 505
    }
    pusher_stats {
      uploaded_bytes: 56470238
      total_bytes: 67879999
    }
  }
}

2021-01-08 18:35:02,701 INFO    MainThread:28708 [wandb_run.py:_wait_for_finish():1324] got exit ret: uuid: "5c3bfb0598ab4041ae0814dc28a505cf"
response {
  poll_exit_response {
    file_counts {
      wandb_count: 5
      other_count: 505
    }
    pusher_stats {
      uploaded_bytes: 57149702
      total_bytes: 67879999
    }
  }
}

2021-01-08 18:35:04,706 INFO    MainThread:28708 [wandb_run.py:_wait_for_finish():1324] got exit ret: uuid: "bd987108d1924cee914fe3abc18ca091"
response {
  poll_exit_response {
    file_counts {
      wandb_count: 5
      other_count: 505
    }
    pusher_stats {
      uploaded_bytes: 57536862
      total_bytes: 67879999
    }
  }
}

2021-01-08 18:35:06,713 INFO    MainThread:28708 [wandb_run.py:_wait_for_finish():1324] got exit ret: uuid: "0fedd54a30f34fcea35f88b4b6c80f13"
response {
  poll_exit_response {
    file_counts {
      wandb_count: 5
      other_count: 505
    }
    pusher_stats {
      uploaded_bytes: 57636311
      total_bytes: 67879999
    }
  }
}

2021-01-08 18:35:08,719 INFO    MainThread:28708 [wandb_run.py:_wait_for_finish():1324] got exit ret: uuid: "f026adf02fd1435aac5b423508338fb9"
response {
  poll_exit_response {
    file_counts {
      wandb_count: 5
      other_count: 505
    }
    pusher_stats {
      uploaded_bytes: 58032043
      total_bytes: 67879999
    }
  }
}

2021-01-08 18:35:10,725 INFO    MainThread:28708 [wandb_run.py:_wait_for_finish():1324] got exit ret: uuid: "4904118016a1437f8fe0c7cf9f468a59"
response {
  poll_exit_response {
    file_counts {
      wandb_count: 5
      other_count: 505
    }
    pusher_stats {
      uploaded_bytes: 58823760
      total_bytes: 67879999
    }
  }
}

2021-01-08 18:35:12,732 INFO    MainThread:28708 [wandb_run.py:_wait_for_finish():1324] got exit ret: uuid: "205ee9696f3641e88ab360b11283935a"
response {
  poll_exit_response {
    file_counts {
      wandb_count: 5
      other_count: 505
    }
    pusher_stats {
      uploaded_bytes: 59800887
      total_bytes: 67879999
    }
  }
}

2021-01-08 18:35:14,737 INFO    MainThread:28708 [wandb_run.py:_wait_for_finish():1324] got exit ret: uuid: "4f738ec3f9e74c7a87094089874c7269"
response {
  poll_exit_response {
    file_counts {
      wandb_count: 5
      other_count: 505
    }
    pusher_stats {
      uploaded_bytes: 60303696
      total_bytes: 67879999
    }
  }
}

2021-01-08 18:35:16,741 INFO    MainThread:28708 [wandb_run.py:_wait_for_finish():1324] got exit ret: uuid: "716cd5e30ed34dbf8330aa248027f2e1"
response {
  poll_exit_response {
    file_counts {
      wandb_count: 5
      other_count: 505
    }
    pusher_stats {
      uploaded_bytes: 61038707
      total_bytes: 67879999
    }
  }
}

2021-01-08 18:35:18,743 INFO    MainThread:28708 [wandb_run.py:_wait_for_finish():1324] got exit ret: uuid: "6292fcfd3c864849bedf030f70100762"
response {
  poll_exit_response {
    file_counts {
      wandb_count: 5
      other_count: 505
    }
    pusher_stats {
      uploaded_bytes: 61699731
      total_bytes: 67879999
    }
  }
}

2021-01-08 18:35:20,746 INFO    MainThread:28708 [wandb_run.py:_wait_for_finish():1324] got exit ret: uuid: "72e2f90b3a484003b7e2fb48da329b21"
response {
  poll_exit_response {
    file_counts {
      wandb_count: 5
      other_count: 505
    }
    pusher_stats {
      uploaded_bytes: 62341938
      total_bytes: 67879999
    }
  }
}

2021-01-08 18:35:22,749 INFO    MainThread:28708 [wandb_run.py:_wait_for_finish():1324] got exit ret: uuid: "f65450b245e7499d869f4628a3aeddb5"
response {
  poll_exit_response {
    file_counts {
      wandb_count: 5
      other_count: 505
    }
    pusher_stats {
      uploaded_bytes: 63109172
      total_bytes: 67879999
    }
  }
}

2021-01-08 18:35:24,752 INFO    MainThread:28708 [wandb_run.py:_wait_for_finish():1324] got exit ret: uuid: "ccdbaa27c78e4d70960b2669d1d55ce5"
response {
  poll_exit_response {
    file_counts {
      wandb_count: 5
      other_count: 505
    }
    pusher_stats {
      uploaded_bytes: 63787453
      total_bytes: 67879999
    }
  }
}

2021-01-08 18:35:26,754 INFO    MainThread:28708 [wandb_run.py:_wait_for_finish():1324] got exit ret: uuid: "74626130a03b4e2f907dfc4a4f675528"
response {
  poll_exit_response {
    file_counts {
      wandb_count: 5
      other_count: 505
    }
    pusher_stats {
      uploaded_bytes: 64266903
      total_bytes: 67879999
    }
  }
}

2021-01-08 18:35:28,757 INFO    MainThread:28708 [wandb_run.py:_wait_for_finish():1324] got exit ret: uuid: "55325f9373dc48d593cc7d252936dab2"
response {
  poll_exit_response {
    file_counts {
      wandb_count: 5
      other_count: 505
    }
    pusher_stats {
      uploaded_bytes: 65679637
      total_bytes: 67879999
    }
  }
}

2021-01-08 18:35:30,761 INFO    MainThread:28708 [wandb_run.py:_wait_for_finish():1324] got exit ret: uuid: "3757092c5f644a54a6ad3f0c2008b11e"
response {
  poll_exit_response {
    file_counts {
      wandb_count: 5
      other_count: 505
    }
    pusher_stats {
      uploaded_bytes: 66566445
      total_bytes: 67879999
    }
  }
}

2021-01-08 18:35:32,765 INFO    MainThread:28708 [wandb_run.py:_wait_for_finish():1324] got exit ret: uuid: "8ec9fae611954568809a97e5271c0413"
response {
  poll_exit_response {
    file_counts {
      wandb_count: 5
      other_count: 505
    }
    pusher_stats {
      uploaded_bytes: 66699765
      total_bytes: 67879999
    }
  }
}

2021-01-08 18:35:34,768 INFO    MainThread:28708 [wandb_run.py:_wait_for_finish():1324] got exit ret: uuid: "0808e12ffce24bf3bb7778e40015830f"
response {
  poll_exit_response {
    file_counts {
      wandb_count: 5
      other_count: 505
    }
    pusher_stats {
      uploaded_bytes: 67048268
      total_bytes: 67879999
    }
  }
}

2021-01-08 18:35:36,770 INFO    MainThread:28708 [wandb_run.py:_wait_for_finish():1324] got exit ret: uuid: "fe5095c81aca4d0a92269c694e66ecbd"
response {
  poll_exit_response {
    file_counts {
      wandb_count: 5
      other_count: 505
    }
    pusher_stats {
      uploaded_bytes: 67187300
      total_bytes: 67879999
    }
  }
}

2021-01-08 18:35:38,773 INFO    MainThread:28708 [wandb_run.py:_wait_for_finish():1324] got exit ret: uuid: "444e5943463a4fd0bc62069a4be5a55b"
response {
  poll_exit_response {
    file_counts {
      wandb_count: 5
      other_count: 505
    }
    pusher_stats {
      uploaded_bytes: 67187300
      total_bytes: 67879999
    }
  }
}

2021-01-08 18:35:40,775 INFO    MainThread:28708 [wandb_run.py:_wait_for_finish():1324] got exit ret: uuid: "c24cd4943f1247fbb4e4d2f5a4d2b5cc"
response {
  poll_exit_response {
    file_counts {
      wandb_count: 5
      other_count: 505
    }
    pusher_stats {
      uploaded_bytes: 67485396
      total_bytes: 67879999
    }
  }
}

2021-01-08 18:35:42,778 INFO    MainThread:28708 [wandb_run.py:_wait_for_finish():1324] got exit ret: uuid: "aa07907a41304781a2f37829ace4a19c"
response {
  poll_exit_response {
    file_counts {
      wandb_count: 5
      other_count: 505
    }
    pusher_stats {
      uploaded_bytes: 67503292
      total_bytes: 67879999
    }
  }
}

2021-01-08 18:35:44,782 INFO    MainThread:28708 [wandb_run.py:_wait_for_finish():1324] got exit ret: uuid: "fca9431c2f484bcc8d287df67992b4d1"
response {
  poll_exit_response {
    file_counts {
      wandb_count: 5
      other_count: 505
    }
    pusher_stats {
      uploaded_bytes: 67879999
      total_bytes: 67879999
    }
  }
}

2021-01-08 18:35:46,787 INFO    MainThread:28708 [wandb_run.py:_wait_for_finish():1324] got exit ret: uuid: "0f06d7f1d9a8446f9a410cad5fe23287"
response {
  poll_exit_response {
    file_counts {
      wandb_count: 5
      other_count: 505
    }
    pusher_stats {
      uploaded_bytes: 67879999
      total_bytes: 67879999
    }
  }
}

2021-01-08 18:35:48,793 INFO    MainThread:28708 [wandb_run.py:_wait_for_finish():1324] got exit ret: uuid: "fdc416be57424a9da473ea9189e6464f"
response {
  poll_exit_response {
    file_counts {
      wandb_count: 5
      other_count: 505
    }
    pusher_stats {
      uploaded_bytes: 67879999
      total_bytes: 67879999
    }
  }
}

2021-01-08 18:35:50,800 INFO    MainThread:28708 [wandb_run.py:_wait_for_finish():1324] got exit ret: uuid: "48f9676ffa40478caa3d3dc217b99321"
response {
  poll_exit_response {
    file_counts {
      wandb_count: 5
      other_count: 505
    }
    pusher_stats {
      uploaded_bytes: 67879999
      total_bytes: 67879999
    }
  }
}

2021-01-08 18:35:52,805 INFO    MainThread:28708 [wandb_run.py:_wait_for_finish():1324] got exit ret: uuid: "56daecfc182a49d8bdab0cae7182afe6"
response {
  poll_exit_response {
    file_counts {
      wandb_count: 5
      other_count: 505
    }
    pusher_stats {
      uploaded_bytes: 67879999
      total_bytes: 67879999
    }
  }
}

2021-01-08 18:35:54,812 INFO    MainThread:28708 [wandb_run.py:_wait_for_finish():1324] got exit ret: uuid: "5a3e1dd8adc74f8bbb6cc96e93965587"
response {
  poll_exit_response {
    file_counts {
      wandb_count: 5
      other_count: 505
    }
    pusher_stats {
      uploaded_bytes: 67879999
      total_bytes: 67879999
    }
  }
}

2021-01-08 18:35:56,817 INFO    MainThread:28708 [wandb_run.py:_wait_for_finish():1324] got exit ret: uuid: "a4ca0e14d370421ab347a94291e566b1"
response {
  poll_exit_response {
    file_counts {
      wandb_count: 5
      other_count: 505
    }
    pusher_stats {
      uploaded_bytes: 67879999
      total_bytes: 67879999
    }
  }
}

2021-01-08 18:35:58,824 INFO    MainThread:28708 [wandb_run.py:_wait_for_finish():1324] got exit ret: uuid: "a40ee59aeb80480baa340a91d9fd81ca"
response {
  poll_exit_response {
    file_counts {
      wandb_count: 5
      other_count: 505
    }
    pusher_stats {
      uploaded_bytes: 67879999
      total_bytes: 67879999
    }
  }
}

2021-01-08 18:36:00,829 INFO    MainThread:28708 [wandb_run.py:_wait_for_finish():1324] got exit ret: uuid: "953c91217b1f4f6887f89d2d67cc92c3"
response {
  poll_exit_response {
    file_counts {
      wandb_count: 5
      other_count: 505
    }
    pusher_stats {
      uploaded_bytes: 67879999
      total_bytes: 67879999
    }
  }
}

2021-01-08 18:36:02,836 INFO    MainThread:28708 [wandb_run.py:_wait_for_finish():1324] got exit ret: uuid: "ed8a3d90250d452091e23ef7a0e8cab5"
response {
  poll_exit_response {
    file_counts {
      wandb_count: 5
      other_count: 505
    }
    pusher_stats {
      uploaded_bytes: 67879999
      total_bytes: 67879999
    }
  }
}

2021-01-08 18:36:04,841 INFO    MainThread:28708 [wandb_run.py:_wait_for_finish():1324] got exit ret: uuid: "f98ecf3aa0c045f7836300f6ca84db2e"
response {
  poll_exit_response {
    file_counts {
      wandb_count: 5
      other_count: 505
    }
    pusher_stats {
      uploaded_bytes: 67879999
      total_bytes: 67879999
    }
  }
}

2021-01-08 18:36:06,848 INFO    MainThread:28708 [wandb_run.py:_wait_for_finish():1324] got exit ret: uuid: "c3baf5db3aec4cc5b8c8932a93748c8a"
response {
  poll_exit_response {
    file_counts {
      wandb_count: 5
      other_count: 505
    }
    pusher_stats {
      uploaded_bytes: 67879999
      total_bytes: 67879999
    }
  }
}

2021-01-08 18:36:08,853 INFO    MainThread:28708 [wandb_run.py:_wait_for_finish():1324] got exit ret: uuid: "d38aa1c967104fed90a154cffec74994"
response {
  poll_exit_response {
    file_counts {
      wandb_count: 5
      other_count: 505
    }
    pusher_stats {
      uploaded_bytes: 67879999
      total_bytes: 67879999
    }
  }
}

2021-01-08 18:36:10,860 INFO    MainThread:28708 [wandb_run.py:_wait_for_finish():1324] got exit ret: uuid: "ed9bafa7682f4ff0a6f38aea93c669dc"
response {
  poll_exit_response {
    file_counts {
      wandb_count: 5
      other_count: 505
    }
    pusher_stats {
      uploaded_bytes: 67879999
      total_bytes: 67879999
    }
  }
}

2021-01-08 18:36:12,865 INFO    MainThread:28708 [wandb_run.py:_wait_for_finish():1324] got exit ret: uuid: "e3142efd5dc34ab68809b32adf08a06a"
response {
  poll_exit_response {
    file_counts {
      wandb_count: 5
      other_count: 505
    }
    pusher_stats {
      uploaded_bytes: 67879999
      total_bytes: 67879999
    }
  }
}

2021-01-08 18:36:14,872 INFO    MainThread:28708 [wandb_run.py:_wait_for_finish():1324] got exit ret: uuid: "ee814896869442a897aa544a7568c4fa"
response {
  poll_exit_response {
    file_counts {
      wandb_count: 5
      other_count: 505
    }
    pusher_stats {
      uploaded_bytes: 67879999
      total_bytes: 67879999
    }
  }
}

2021-01-08 18:36:16,877 INFO    MainThread:28708 [wandb_run.py:_wait_for_finish():1324] got exit ret: uuid: "23e0a8c4ce624100a7070944dbf55741"
response {
  poll_exit_response {
    file_counts {
      wandb_count: 5
      other_count: 505
    }
    pusher_stats {
      uploaded_bytes: 67879999
      total_bytes: 67879999
    }
  }
}

2021-01-08 18:36:18,884 INFO    MainThread:28708 [wandb_run.py:_wait_for_finish():1324] got exit ret: uuid: "60944f53d74e4b559cb34e38a1df61ff"
response {
  poll_exit_response {
    file_counts {
      wandb_count: 5
      other_count: 505
    }
    pusher_stats {
      uploaded_bytes: 67879999
      total_bytes: 67879999
    }
  }
}

2021-01-08 18:36:20,889 INFO    MainThread:28708 [wandb_run.py:_wait_for_finish():1324] got exit ret: uuid: "789fe65da0d941a1bffcb4e0851807b3"
response {
  poll_exit_response {
    file_counts {
      wandb_count: 5
      other_count: 505
    }
    pusher_stats {
      uploaded_bytes: 67879999
      total_bytes: 67879999
    }
  }
}

2021-01-08 18:36:22,896 INFO    MainThread:28708 [wandb_run.py:_wait_for_finish():1324] got exit ret: uuid: "685b9762c54345f59fbda3d7ba96a463"
response {
  poll_exit_response {
    file_counts {
      wandb_count: 5
      other_count: 505
    }
    pusher_stats {
      uploaded_bytes: 67879999
      total_bytes: 67879999
    }
  }
}

2021-01-08 18:36:24,901 INFO    MainThread:28708 [wandb_run.py:_wait_for_finish():1324] got exit ret: uuid: "cb5be91a15db4cb2ab112da486f22fbf"
response {
  poll_exit_response {
    file_counts {
      wandb_count: 5
      other_count: 505
    }
    pusher_stats {
      uploaded_bytes: 67879999
      total_bytes: 67879999
    }
  }
}

2021-01-08 18:36:26,908 INFO    MainThread:28708 [wandb_run.py:_wait_for_finish():1324] got exit ret: uuid: "d8cd2d42759e41b5a212f6d8958171f8"
response {
  poll_exit_response {
    file_counts {
      wandb_count: 5
      other_count: 505
    }
    pusher_stats {
      uploaded_bytes: 67879999
      total_bytes: 67879999
    }
  }
}

2021-01-08 18:36:28,913 INFO    MainThread:28708 [wandb_run.py:_wait_for_finish():1324] got exit ret: uuid: "4ca797010ada4c99af5d0f1d37755717"
response {
  poll_exit_response {
    file_counts {
      wandb_count: 5
      other_count: 505
    }
    pusher_stats {
      uploaded_bytes: 67879999
      total_bytes: 67879999
    }
  }
}

2021-01-08 18:36:30,917 INFO    MainThread:28708 [wandb_run.py:_wait_for_finish():1324] got exit ret: uuid: "dba74adf5a2941afb34ad173d4f20903"
response {
  poll_exit_response {
    file_counts {
      wandb_count: 5
      other_count: 505
    }
    pusher_stats {
      uploaded_bytes: 67879999
      total_bytes: 67879999
    }
  }
}

2021-01-08 18:36:32,920 INFO    MainThread:28708 [wandb_run.py:_wait_for_finish():1324] got exit ret: uuid: "419d53260bdc4bfc80ccdd0ed6219454"
response {
  poll_exit_response {
    file_counts {
      wandb_count: 5
      other_count: 505
    }
    pusher_stats {
      uploaded_bytes: 67879999
      total_bytes: 67879999
    }
  }
}

2021-01-08 18:36:34,922 INFO    MainThread:28708 [wandb_run.py:_wait_for_finish():1324] got exit ret: uuid: "3fe4826dde5a4dbd84acbcba9da9e643"
response {
  poll_exit_response {
    file_counts {
      wandb_count: 5
      other_count: 505
    }
    pusher_stats {
      uploaded_bytes: 67879999
      total_bytes: 67879999
    }
  }
}

2021-01-08 18:36:36,925 INFO    MainThread:28708 [wandb_run.py:_wait_for_finish():1324] got exit ret: uuid: "8259bf4961d4467d8784e3d69451d29c"
response {
  poll_exit_response {
    file_counts {
      wandb_count: 5
      other_count: 505
    }
    pusher_stats {
      uploaded_bytes: 67879999
      total_bytes: 67879999
    }
  }
}

2021-01-08 18:36:38,927 INFO    MainThread:28708 [wandb_run.py:_wait_for_finish():1324] got exit ret: uuid: "823cc33950804e5c8fa6970825bb9e7e"
response {
  poll_exit_response {
    file_counts {
      wandb_count: 5
      other_count: 505
    }
    pusher_stats {
      uploaded_bytes: 67879999
      total_bytes: 67879999
    }
  }
}

2021-01-08 18:36:40,930 INFO    MainThread:28708 [wandb_run.py:_wait_for_finish():1324] got exit ret: uuid: "aad9de2ba229454ab2b811704d00531d"
response {
  poll_exit_response {
    file_counts {
      wandb_count: 5
      other_count: 505
    }
    pusher_stats {
      uploaded_bytes: 67879999
      total_bytes: 67879999
    }
  }
}

2021-01-08 18:36:42,933 INFO    MainThread:28708 [wandb_run.py:_wait_for_finish():1324] got exit ret: uuid: "35853cc412fe41f7b7caa0af2ca43a86"
response {
  poll_exit_response {
    file_counts {
      wandb_count: 5
      other_count: 505
    }
    pusher_stats {
      uploaded_bytes: 67879999
      total_bytes: 67879999
    }
  }
}

2021-01-08 18:36:44,937 INFO    MainThread:28708 [wandb_run.py:_wait_for_finish():1324] got exit ret: uuid: "10b3202c2c634d51b652022fdad22374"
response {
  poll_exit_response {
    file_counts {
      wandb_count: 5
      other_count: 505
    }
    pusher_stats {
      uploaded_bytes: 67879999
      total_bytes: 67879999
    }
  }
}

2021-01-08 18:36:46,940 INFO    MainThread:28708 [wandb_run.py:_wait_for_finish():1324] got exit ret: uuid: "31cecbdebfe34a27b1ff1e0ad2dc8a06"
response {
  poll_exit_response {
    file_counts {
      wandb_count: 5
      other_count: 505
    }
    pusher_stats {
      uploaded_bytes: 67879999
      total_bytes: 67879999
    }
  }
}

2021-01-08 18:36:48,943 INFO    MainThread:28708 [wandb_run.py:_wait_for_finish():1324] got exit ret: uuid: "c6195eb1a6754fc69a736333e87a79d9"
response {
  poll_exit_response {
    file_counts {
      wandb_count: 5
      other_count: 505
    }
    pusher_stats {
      uploaded_bytes: 67879999
      total_bytes: 67879999
    }
  }
}

2021-01-08 18:36:50,946 INFO    MainThread:28708 [wandb_run.py:_wait_for_finish():1324] got exit ret: uuid: "d264ccdde3704e2ba5f8a54631d9e037"
response {
  poll_exit_response {
    file_counts {
      wandb_count: 5
      other_count: 505
    }
    pusher_stats {
      uploaded_bytes: 67879999
      total_bytes: 67879999
    }
  }
}

2021-01-08 18:36:52,950 INFO    MainThread:28708 [wandb_run.py:_wait_for_finish():1324] got exit ret: uuid: "dc7de4525e8049a1b942718205ef8719"
response {
  poll_exit_response {
    file_counts {
      wandb_count: 5
      other_count: 505
    }
    pusher_stats {
      uploaded_bytes: 67879999
      total_bytes: 67879999
    }
  }
}

2021-01-08 18:36:54,952 INFO    MainThread:28708 [wandb_run.py:_wait_for_finish():1324] got exit ret: uuid: "8317f0e7d67e452ab69e108e868b9920"
response {
  poll_exit_response {
    file_counts {
      wandb_count: 5
      other_count: 505
    }
    pusher_stats {
      uploaded_bytes: 67879999
      total_bytes: 67879999
    }
  }
}

2021-01-08 18:36:56,956 INFO    MainThread:28708 [wandb_run.py:_wait_for_finish():1324] got exit ret: uuid: "e17a8ea4d94240e3ae2f81258079f18d"
response {
  poll_exit_response {
    file_counts {
      wandb_count: 5
      other_count: 505
    }
    pusher_stats {
      uploaded_bytes: 67879999
      total_bytes: 67879999
    }
  }
}

2021-01-08 18:36:58,958 INFO    MainThread:28708 [wandb_run.py:_wait_for_finish():1324] got exit ret: uuid: "bd39f9fc5d0a483db00d0ed01ff2ef5e"
response {
  poll_exit_response {
    done: true
    exit_result {
    }
    file_counts {
      wandb_count: 5
      other_count: 505
    }
    pusher_stats {
      uploaded_bytes: 67879999
      total_bytes: 67879999
    }
  }
}

2021-01-08 18:37:00,029 INFO    MainThread:28708 [wandb_run.py:_show_summary():1469] rendering summary
2021-01-08 18:37:00,029 INFO    MainThread:28708 [wandb_run.py:_show_history():1507] rendering history
2021-01-08 18:37:00,032 INFO    MainThread:28708 [wandb_run.py:_show_files():1536] logging synced files
2021-01-08 18:37:00,034 INFO    MainThread:28708 [internal.py:handle_exit():138] Internal process exited
